Using pre-set license
Built from '2021.3/staging' branch; Version is '2021.3.23f1 (213b516bf396) revision 2177873'; Using compiler version '192829333'; Build Type 'Release'
OS: 'Windows 11  (10.0.22621) 64bit Professional' Language: 'en' Physical Memory: 32559 MB
BatchMode: 1, IsHumanControllingUs: 0, StartBugReporterOnCrash: 0, Is64bit: 1, IsPro: 1

COMMAND LINE ARGUMENTS:
C:\Program Files\Unity\Hub\Editor\2021.3.23f1\Editor\Unity.exe
-adb2
-batchMode
-noUpm
-name
AssetImportWorker4
-projectPath
C:/Users/Kanumuri/Documents/GitHub/Scary Game
-logFile
Logs/AssetImportWorker4.log
-srvPort
60493
Successfully changed project path to: C:/Users/Kanumuri/Documents/GitHub/Scary Game
C:/Users/Kanumuri/Documents/GitHub/Scary Game
[UnityMemory] Configuration Parameters - Can be set up in boot.config
    "memorysetup-bucket-allocator-granularity=16"
    "memorysetup-bucket-allocator-bucket-count=8"
    "memorysetup-bucket-allocator-block-size=33554432"
    "memorysetup-bucket-allocator-block-count=8"
    "memorysetup-main-allocator-block-size=16777216"
    "memorysetup-thread-allocator-block-size=16777216"
    "memorysetup-gfx-main-allocator-block-size=16777216"
    "memorysetup-gfx-thread-allocator-block-size=16777216"
    "memorysetup-cache-allocator-block-size=4194304"
    "memorysetup-typetree-allocator-block-size=2097152"
    "memorysetup-profiler-bucket-allocator-granularity=16"
    "memorysetup-profiler-bucket-allocator-bucket-count=8"
    "memorysetup-profiler-bucket-allocator-block-size=33554432"
    "memorysetup-profiler-bucket-allocator-block-count=8"
    "memorysetup-profiler-allocator-block-size=16777216"
    "memorysetup-profiler-editor-allocator-block-size=1048576"
    "memorysetup-temp-allocator-size-main=16777216"
    "memorysetup-job-temp-allocator-block-size=2097152"
    "memorysetup-job-temp-allocator-block-size-background=1048576"
    "memorysetup-job-temp-allocator-reduction-small-platforms=262144"
    "memorysetup-temp-allocator-size-background-worker=32768"
    "memorysetup-temp-allocator-size-job-worker=262144"
    "memorysetup-temp-allocator-size-preload-manager=33554432"
    "memorysetup-temp-allocator-size-nav-mesh-worker=65536"
    "memorysetup-temp-allocator-size-audio-worker=65536"
    "memorysetup-temp-allocator-size-cloud-worker=32768"
    "memorysetup-temp-allocator-size-gi-baking-worker=262144"
    "memorysetup-temp-allocator-size-gfx=262144"
Player connection [23880] Host "[IP] 192.168.0.24 [Port] 0 [Flags] 2 [Guid] 3432478037 [EditorId] 3432478037 [Version] 1048832 [Id] WindowsEditor(7,DESKTOP-TEV2OPH) [Debug] 1 [PackageName] WindowsEditor [ProjectName] Editor" joined multi-casting on [225.0.0.222:54997]...

Player connection [23880] Host "[IP] 192.168.0.24 [Port] 0 [Flags] 2 [Guid] 3432478037 [EditorId] 3432478037 [Version] 1048832 [Id] WindowsEditor(7,DESKTOP-TEV2OPH) [Debug] 1 [PackageName] WindowsEditor [ProjectName] Editor" joined alternative multi-casting on [225.0.0.222:34997]...

Refreshing native plugins compatible for Editor in 66.26 ms, found 4 plugins.
Preloading 0 native plugins for Editor in 0.00 ms.
Initialize engine version: 2021.3.23f1 (213b516bf396)
[Subsystems] Discovering subsystems at path C:/Program Files/Unity/Hub/Editor/2021.3.23f1/Editor/Data/Resources/UnitySubsystems
[Subsystems] Discovering subsystems at path C:/Users/Kanumuri/Documents/GitHub/Scary Game/Assets
GfxDevice: creating device client; threaded=0; jobified=0
Direct3D:
    Version:  Direct3D 11.0 [level 11.1]
    Renderer: NVIDIA GeForce RTX 3060 Ti (ID=0x2489)
    Vendor:   NVIDIA
    VRAM:     8038 MB
    Driver:   31.0.15.3161
Initialize mono
Mono path[0] = 'C:/Program Files/Unity/Hub/Editor/2021.3.23f1/Editor/Data/Managed'
Mono path[1] = 'C:/Program Files/Unity/Hub/Editor/2021.3.23f1/Editor/Data/MonoBleedingEdge/lib/mono/unityjit-win32'
Mono config path = 'C:/Program Files/Unity/Hub/Editor/2021.3.23f1/Editor/Data/MonoBleedingEdge/etc'
Using monoOptions --debugger-agent=transport=dt_socket,embedding=1,server=y,suspend=n,address=127.0.0.1:56356
Begin MonoManager ReloadAssembly
Registering precompiled unity dll's ...
Register platform support module: C:/Program Files/Unity/Hub/Editor/2021.3.23f1/Editor/Data/PlaybackEngines/WindowsStandaloneSupport/UnityEditor.WindowsStandalone.Extensions.dll
Registered in 0.003048 seconds.
Native extension for WindowsStandalone target not found
Refreshing native plugins compatible for Editor in 63.79 ms, found 4 plugins.
Preloading 0 native plugins for Editor in 0.00 ms.
Mono: successfully reloaded assembly
- Completed reload, in  0.772 seconds
Domain Reload Profiling:
	ReloadAssembly (773ms)
		BeginReloadAssembly (61ms)
			ExecutionOrderSort (0ms)
			DisableScriptedObjects (0ms)
			BackupInstance (0ms)
			ReleaseScriptingObjects (0ms)
			CreateAndSetChildDomain (0ms)
		EndReloadAssembly (522ms)
			LoadAssemblies (60ms)
			RebuildTransferFunctionScriptingTraits (0ms)
			SetupTypeCache (254ms)
			ReleaseScriptCaches (0ms)
			RebuildScriptCaches (20ms)
			SetupLoadedEditorAssemblies (212ms)
				LogAssemblyErrors (0ms)
				InitializePlatformSupportModulesInManaged (6ms)
				SetLoadedEditorAssemblies (0ms)
				RefreshPlugins (64ms)
				BeforeProcessingInitializeOnLoad (1ms)
				ProcessInitializeOnLoadAttributes (100ms)
				ProcessInitializeOnLoadMethodAttributes (40ms)
				AfterProcessingInitializeOnLoad (0ms)
				EditorAssembliesLoaded (0ms)
			ExecutionOrderSort2 (0ms)
			AwakeInstancesAfterBackupRestoration (0ms)
Platform modules already initialized, skipping
Registering precompiled user dll's ...
Registered in 0.004403 seconds.
Begin MonoManager ReloadAssembly
Symbol file LoadedFromMemory doesn't match image C:\Users\Kanumuri\Documents\GitHub\Scary Game\Library\PackageCache\com.unity.visualscripting@1.8.0\Editor\VisualScripting.Core\Dependencies\YamlDotNet\Unity.VisualScripting.YamlDotNet.dll
Symbol file LoadedFromMemory doesn't match image C:\Users\Kanumuri\Documents\GitHub\Scary Game\Library\PackageCache\com.unity.visualscripting@1.8.0\Editor\VisualScripting.Core\Dependencies\DotNetZip\Unity.VisualScripting.IonicZip.dll
Native extension for WindowsStandalone target not found
Refreshing native plugins compatible for Editor in 63.15 ms, found 4 plugins.
Preloading 0 native plugins for Editor in 0.00 ms.
Mono: successfully reloaded assembly
- Completed reload, in  0.846 seconds
Domain Reload Profiling:
	ReloadAssembly (846ms)
		BeginReloadAssembly (77ms)
			ExecutionOrderSort (0ms)
			DisableScriptedObjects (4ms)
			BackupInstance (0ms)
			ReleaseScriptingObjects (0ms)
			CreateAndSetChildDomain (13ms)
		EndReloadAssembly (697ms)
			LoadAssemblies (57ms)
			RebuildTransferFunctionScriptingTraits (0ms)
			SetupTypeCache (156ms)
			ReleaseScriptCaches (0ms)
			RebuildScriptCaches (44ms)
			SetupLoadedEditorAssemblies (401ms)
				LogAssemblyErrors (0ms)
				InitializePlatformSupportModulesInManaged (4ms)
				SetLoadedEditorAssemblies (0ms)
				RefreshPlugins (63ms)
				BeforeProcessingInitializeOnLoad (64ms)
				ProcessInitializeOnLoadAttributes (243ms)
				ProcessInitializeOnLoadMethodAttributes (23ms)
				AfterProcessingInitializeOnLoad (4ms)
				EditorAssembliesLoaded (0ms)
			ExecutionOrderSort2 (0ms)
			AwakeInstancesAfterBackupRestoration (5ms)
Platform modules already initialized, skipping
========================================================================
Worker process is ready to serve import requests
Launched and connected shader compiler UnityShaderCompiler.exe after 0.07 seconds
Refreshing native plugins compatible for Editor in 0.97 ms, found 4 plugins.
Preloading 0 native plugins for Editor in 0.00 ms.
Unloading 3734 Unused Serialized files (Serialized files now loaded: 0)
Unloading 35 unused Assets / (56.1 KB). Loaded Objects now: 4193.
Memory consumption went from 142.7 MB to 142.7 MB.
Total: 2.313700 ms (FindLiveObjects: 0.181400 ms CreateObjectMapping: 0.078200 ms MarkObjects: 1.995000 ms  DeleteObjects: 0.057800 ms)

AssetImportParameters requested are different than current active one (requested -> active):
  custom:video-decoder-ogg-theora: a1e56fd34408186e4bbccfd4996cb3dc -> 
  custom:container-muxer-webm: aa71ff27fc2769a1b78a27578f13a17b -> 
  custom:container-demuxer-webm: 4f35f7cbe854078d1ac9338744f61a02 -> 
  custom:video-encoder-webm-vp8: eb34c28f22e8b96e1ab97ce403110664 -> 
  custom:audio-encoder-webm-vorbis: bf7c407c2cedff20999df2af8eb42d56 -> 
  custom:framework-win-MediaFoundation: 216162199b28c13a410421893ffa2e32 -> 
  custom:container-demuxer-ogg: 62fdf1f143b41e24485cea50d1cbac27 -> 
  custom:video-decoder-webm-vp8: 9c59270c3fd7afecdb556c50c9e8de78 -> 
  custom:audio-decoder-ogg-vorbis: bf7c407c2cedff20999df2af8eb42d56 -> 
========================================================================
Received Import Request.
  Time since last request: 193310.538210 seconds.
  path: Assets/Animations/Enemies
  artifactKey: Guid(d982445f75735b140af8ba0f13d5510b) Importer(815301076,1909f56bfc062723c751e8b465ee728b)
Start importing Assets/Animations/Enemies using Guid(d982445f75735b140af8ba0f13d5510b) Importer(815301076,1909f56bfc062723c751e8b465ee728b)  -> (artifact id: '84e8e4a0be91cb2e6e817e046fddc11c') in 0.008587 seconds 
========================================================================
Received Import Request.
  Time since last request: 6.198874 seconds.
  path: Assets/Animations/Enemies/Trash Monster
  artifactKey: Guid(5139dc50d1cbf8e4890ed3741af708d5) Importer(815301076,1909f56bfc062723c751e8b465ee728b)
Start importing Assets/Animations/Enemies/Trash Monster using Guid(5139dc50d1cbf8e4890ed3741af708d5) Importer(815301076,1909f56bfc062723c751e8b465ee728b)  -> (artifact id: 'c5730b659b65e5d61f5de4079192b79d') in 0.002151 seconds 
========================================================================
Received Import Request.
  Time since last request: 10.913295 seconds.
  path: Assets/Animations/Enemies/Trash Monster/Idle.anim
  artifactKey: Guid(e99ed0dbf76dd78458786c47116bb944) Importer(815301076,1909f56bfc062723c751e8b465ee728b)
Start importing Assets/Animations/Enemies/Trash Monster/Idle.anim using Guid(e99ed0dbf76dd78458786c47116bb944) Importer(815301076,1909f56bfc062723c751e8b465ee728b)  -> (artifact id: '2e493de4d8ae9491b65d66adf1fb83ff') in 0.030335 seconds 
========================================================================
Received Import Request.
  Time since last request: 6.955557 seconds.
  path: Assets/Animations/Enemies/Trash Monster/Run.anim
  artifactKey: Guid(0daef53ffb05fc440aa519f6f463f057) Importer(815301076,1909f56bfc062723c751e8b465ee728b)
Start importing Assets/Animations/Enemies/Trash Monster/Run.anim using Guid(0daef53ffb05fc440aa519f6f463f057) Importer(815301076,1909f56bfc062723c751e8b465ee728b)  -> (artifact id: '0dd19fd9539712bd0fd622d45764dfa7') in 0.004051 seconds 
========================================================================
Received Import Request.
  Time since last request: 17.283703 seconds.
  path: Assets/Trash Monster/Trash Monster.aseprite
  artifactKey: Guid(829fe74b02d5c734b8b46fa4db05532c) Importer(815301076,1909f56bfc062723c751e8b465ee728b)
Start importing Assets/Trash Monster/Trash Monster.aseprite using Guid(829fe74b02d5c734b8b46fa4db05532c) Importer(815301076,1909f56bfc062723c751e8b465ee728b)  -> (artifact id: '43b6fb778b33537356ef291f5c5007b4') in 0.006237 seconds 
========================================================================
Received Import Request.
  Time since last request: 13.489203 seconds.
  path: Assets/Trash Monster/Trash Monster-Sheet.png
  artifactKey: Guid(5eace3ce1d9100c48a333adfd9f150f5) Importer(815301076,1909f56bfc062723c751e8b465ee728b)
Start importing Assets/Trash Monster/Trash Monster-Sheet.png using Guid(5eace3ce1d9100c48a333adfd9f150f5) Importer(815301076,1909f56bfc062723c751e8b465ee728b)  -> (artifact id: '7890d76b9b6ca32f179e1ff3088e9a8f') in 0.065935 seconds 
========================================================================
Received Import Request.
  Time since last request: 26.389035 seconds.
  path: Assets/Trash Monster/Trash Monster-Sheet.png
  artifactKey: Guid(5eace3ce1d9100c48a333adfd9f150f5) Importer(815301076,1909f56bfc062723c751e8b465ee728b)
Start importing Assets/Trash Monster/Trash Monster-Sheet.png using Guid(5eace3ce1d9100c48a333adfd9f150f5) Importer(815301076,1909f56bfc062723c751e8b465ee728b)  -> (artifact id: 'a1c52f16ac921addcc7739f893874c68') in 0.011317 seconds 
========================================================================
Received Import Request.
  Time since last request: 32.319969 seconds.
  path: Assets/Trash Monster/Trash Monster-Sheet.png
  artifactKey: Guid(5eace3ce1d9100c48a333adfd9f150f5) Importer(815301076,1909f56bfc062723c751e8b465ee728b)
Start importing Assets/Trash Monster/Trash Monster-Sheet.png using Guid(5eace3ce1d9100c48a333adfd9f150f5) Importer(815301076,1909f56bfc062723c751e8b465ee728b)  -> (artifact id: 'e5ab8d208e8dd234595283556ee02b5e') in 0.090793 seconds 
========================================================================
Received Import Request.
  Time since last request: 29.943381 seconds.
  path: ProjectSettings/TagManager.asset
  artifactKey: Guid(00000000000000003000000000000000) Importer(815301076,1909f56bfc062723c751e8b465ee728b)
Start importing ProjectSettings/TagManager.asset using Guid(00000000000000003000000000000000) Importer(815301076,1909f56bfc062723c751e8b465ee728b)  -> (artifact id: '9f82a963d6229604b414b277dc9dad45') in 0.007190 seconds 
========================================================================
Received Import Request.
  Time since last request: 1.319287 seconds.
  path: ProjectSettings/TagManager.asset
  artifactKey: Guid(00000000000000003000000000000000) Importer(815301076,1909f56bfc062723c751e8b465ee728b)
Start importing ProjectSettings/TagManager.asset using Guid(00000000000000003000000000000000) Importer(815301076,1909f56bfc062723c751e8b465ee728b)  -> (artifact id: '56804fe161fd75a49c2f5d63fc91aea5') in 0.002109 seconds 
========================================================================
Received Import Request.
  Time since last request: 41.007322 seconds.
  path: Assets/Super_Retro_World_Interior_pack_week42/rpgmaker/mvmz/tileset_D.png
  artifactKey: Guid(eebf5fdb4df59c542ba3c8ac30ddc5d8) Importer(815301076,1909f56bfc062723c751e8b465ee728b)
Start importing Assets/Super_Retro_World_Interior_pack_week42/rpgmaker/mvmz/tileset_D.png using Guid(eebf5fdb4df59c542ba3c8ac30ddc5d8) Importer(815301076,1909f56bfc062723c751e8b465ee728b)  -> (artifact id: '7da553a413aa59d91d4a52828e2b6632') in 0.037307 seconds 
========================================================================
Received Import Request.
  Time since last request: 157.442617 seconds.
  path: Assets/Sprites
  artifactKey: Guid(2e49dd8648bc9a841821849d0e934eaa) Importer(815301076,1909f56bfc062723c751e8b465ee728b)
Start importing Assets/Sprites using Guid(2e49dd8648bc9a841821849d0e934eaa) Importer(815301076,1909f56bfc062723c751e8b465ee728b)  -> (artifact id: 'ce59d86716cdaacbaa5af6581a90370f') in 0.004733 seconds 
========================================================================
Received Import Request.
  Time since last request: 306.935714 seconds.
  path: Assets/Animations/Enemies/Trash Monster/Damage.anim
  artifactKey: Guid(b5448ecea2ba2bc4c919e301aa572436) Importer(815301076,1909f56bfc062723c751e8b465ee728b)
Start importing Assets/Animations/Enemies/Trash Monster/Damage.anim using Guid(b5448ecea2ba2bc4c919e301aa572436) Importer(815301076,1909f56bfc062723c751e8b465ee728b)  -> (artifact id: '7f7756ef8f3fd5f7e7ca4e76c5a1add0') in 0.005758 seconds 
